[08/09/2022 16:24:30] Debug: Session id: ffd4da88-e74e-4e99-afec-91068a43f2a5
[08/09/2022 16:24:30] Debug: Code Processor information: Name :SnowConvert, Version: 7.11.61.0
[08/09/2022 16:24:31] Debug: Getting license
[08/09/2022 16:24:31] Debug: License information
	Status: Failed
	Message: No active license available.
[08/09/2022 16:24:31] Info: Starting to validate parameters
[08/09/2022 16:24:31] Info: Parameters to validate: 
	Execution mode: Conversion
	LICENSE_KEY: a3372138-b87e-4a08-b929-3b48b24c63f1
[08/09/2022 16:24:31] Info: Validation of parameters: Success
[08/09/2022 16:24:31] Debug: Getting code descriptor
[08/09/2022 16:24:31] Debug: Code descriptor information
	Units: 51
	Units type: LOC
	All file bytes: 2141
	All found extensions: .sql,.dml,.ddl,.bteq,.btq,.fl,.fload,.ml,.mload,.mld,.tp,.tpump,.tpt
[08/09/2022 16:24:31] Debug: Calculating fingerprint
[08/09/2022 16:24:31] Debug: Fingerprint information Fingerprint(size=2141,projects=1)
[08/09/2022 16:24:31] Info: Starting to try to validate online license for execution
[08/09/2022 16:24:33] Debug: Getting license
[08/09/2022 16:24:33] Debug: License information
	Status: Failed
	Message: No active license available.
[08/09/2022 16:24:33] Debug: Starting the execution of the controller
[08/09/2022 16:24:34] Debug: Executing the worker: SnowConvert
[08/09/2022 16:24:46] Debug: Finished executing the worker: SnowConvert
[08/09/2022 16:24:48] Info: Controller execution ended
